This file contains any messages produced by compilers while
running configure, to aid debugging if configure makes a mistake.

It was created by apertium-mar configure 0.1.0, which was
generated by GNU Autoconf 2.69.  Invocation command line was

  $ ./configure 

## --------- ##
## Platform. ##
## --------- ##

hostname = TheBeast
uname -m = x86_64
uname -r = 4.4.0-63-generic
uname -s = Linux
uname -v = #84-Ubuntu SMP Wed Feb 1 17:20:32 UTC 2017

/usr/bin/uname -p = unknown
/bin/uname -X     = unknown

/bin/arch              = unknown
/usr/bin/arch -k       = unknown
/usr/convex/getsysinfo = unknown
/usr/bin/hostinfo      = unknown
/bin/machine           = unknown
/usr/bin/oslevel       = unknown
/bin/universe          = unknown

PATH: /home/aman/perl5/bin
PATH: /home/aman/.cargo/bin
PATH: /usr/java/jdk1.8.0_111/bin
PATH: /home/aman/.rbenv/plugins/ruby-build/bin
PATH: /home/aman/.rbenv/shims
PATH: /home/aman/.rbenv/bin
PATH: /home/aman/local/bin
PATH: /home/aman/.cargo/bin
PATH: /usr/local/sbin
PATH: /usr/local/bin
PATH: /usr/sbin
PATH: /usr/bin
PATH: /sbin
PATH: /bin
PATH: /usr/games
PATH: /usr/local/games
PATH: /snap/bin
PATH: /usr/lib/jvm/java-8-oracle/bin
PATH: /usr/lib/jvm/java-8-oracle/db/bin
PATH: /usr/lib/jvm/java-8-oracle/jre/bin
PATH: /usr/local/bin


## ----------- ##
## Core tests. ##
## ----------- ##

configure:1791: checking for a BSD-compatible install
configure:1859: result: /usr/bin/install -c
configure:1870: checking whether build environment is sane
configure:1925: result: yes
configure:2076: checking for a thread-safe mkdir -p
configure:2115: result: /bin/mkdir -p
configure:2122: checking for gawk
configure:2138: found /usr/bin/gawk
configure:2149: result: gawk
configure:2160: checking whether make sets $(MAKE)
configure:2182: result: yes
configure:2211: checking whether make supports nested variables
configure:2228: result: yes
configure:2346: checking whether ln -s works
configure:2350: result: yes
configure:2361: checking for gawk
configure:2388: result: gawk
configure:2455: checking for pkg-config
configure:2473: found /usr/bin/pkg-config
configure:2485: result: /usr/bin/pkg-config
configure:2510: checking pkg-config is at least version 0.9.0
configure:2513: result: yes
configure:2523: checking for APERTIUM
configure:2530: $PKG_CONFIG --exists --print-errors "apertium >= 3.2.0"
configure:2533: $? = 0
configure:2547: $PKG_CONFIG --exists --print-errors "apertium >= 3.2.0"
configure:2550: $? = 0
configure:2768: result: yes
configure:2799: checking for lt-print
configure:2817: found /usr/local/bin/lt-print
configure:2830: result: /usr/local/bin/lt-print
configure:2849: checking for cg-comp
configure:2867: found /usr/bin/cg-comp
configure:2880: result: /usr/bin/cg-comp
configure:2899: checking for pkg-config
configure:2930: result: /usr/bin/pkg-config
configure:3095: checking that generated files are newer than configure
configure:3101: result: done
configure:3109: creating ./config.status

## ---------------------- ##
## Running config.status. ##
## ---------------------- ##

This file was extended by apertium-mar config.status 0.1.0, which was
generated by GNU Autoconf 2.69.  Invocation command line was

  CONFIG_FILES    = 
  CONFIG_HEADERS  = 
  CONFIG_LINKS    = 
  CONFIG_COMMANDS = 
  $ ./config.status 

on TheBeast

config.status:753: creating Makefile
config.status:753: creating apertium-mar.pc

## ---------------- ##
## Cache variables. ##
## ---------------- ##

ac_cv_env_APERTIUM_CFLAGS_set=
ac_cv_env_APERTIUM_CFLAGS_value=
ac_cv_env_APERTIUM_LIBS_set=
ac_cv_env_APERTIUM_LIBS_value=
ac_cv_env_PKG_CONFIG_LIBDIR_set=
ac_cv_env_PKG_CONFIG_LIBDIR_value=
ac_cv_env_PKG_CONFIG_PATH_set=set
ac_cv_env_PKG_CONFIG_PATH_value=/usr/local/lib/pkgconfig::/usr/local/share/pkgconfig:/usr/local/lib/pkgconfig
ac_cv_env_PKG_CONFIG_set=
ac_cv_env_PKG_CONFIG_value=
ac_cv_env_build_alias_set=
ac_cv_env_build_alias_value=
ac_cv_env_host_alias_set=
ac_cv_env_host_alias_value=
ac_cv_env_target_alias_set=
ac_cv_env_target_alias_value=
ac_cv_path_CGCOMP=/usr/bin/cg-comp
ac_cv_path_LTPRINT=/usr/local/bin/lt-print
ac_cv_path_PKG_CONFIG=/usr/bin/pkg-config
ac_cv_path_ac_pt_PKG_CONFIG=/usr/bin/pkg-config
ac_cv_path_install='/usr/bin/install -c'
ac_cv_path_mkdir=/bin/mkdir
ac_cv_prog_AWK=gawk
ac_cv_prog_make_make_set=yes
am_cv_make_support_nested_variables=yes
pkg_cv_APERTIUM_CFLAGS='-I/usr/include/apertium-3.4 -I/usr/lib/x86_64-linux-gnu/apertium-3.4/include -I/usr/include/lttoolbox-3.3 -I/usr/lib/x86_64-linux-gnu/lttoolbox-3.3/include -I/usr/include/libxml2'
pkg_cv_APERTIUM_LIBS='-lapertium3 -llttoolbox3 -lxml2 -lpcre'

## ----------------- ##
## Output variables. ##
## ----------------- ##

ACLOCAL='${SHELL} /home/aman/osd/apertium/gsoc/apertium-mar/missing aclocal-1.15'
AMTAR='$${TAR-tar}'
AM_BACKSLASH='\'
AM_DEFAULT_V='$(AM_DEFAULT_VERBOSITY)'
AM_DEFAULT_VERBOSITY='1'
AM_V='$(V)'
APERTIUM_CFLAGS='-I/usr/include/apertium-3.4 -I/usr/lib/x86_64-linux-gnu/apertium-3.4/include -I/usr/include/lttoolbox-3.3 -I/usr/lib/x86_64-linux-gnu/lttoolbox-3.3/include -I/usr/include/libxml2'
APERTIUM_LIBS='-lapertium3 -llttoolbox3 -lxml2 -lpcre'
AUTOCONF='${SHELL} /home/aman/osd/apertium/gsoc/apertium-mar/missing autoconf'
AUTOHEADER='${SHELL} /home/aman/osd/apertium/gsoc/apertium-mar/missing autoheader'
AUTOMAKE='${SHELL} /home/aman/osd/apertium/gsoc/apertium-mar/missing automake-1.15'
AWK='gawk'
CGCOMP='/usr/bin/cg-comp'
CYGPATH_W='echo'
DEFS='-DPACKAGE_NAME=\"apertium-mar\" -DPACKAGE_TARNAME=\"apertium-mar\" -DPACKAGE_VERSION=\"0.1.0\" -DPACKAGE_STRING=\"apertium-mar\ 0.1.0\" -DPACKAGE_BUGREPORT=\"francis.tyers@gmail.com\" -DPACKAGE_URL=\"\"'
ECHO_C=''
ECHO_N='-n'
ECHO_T=''
INSTALL_DATA='${INSTALL} -m 644'
INSTALL_PROGRAM='${INSTALL}'
INSTALL_SCRIPT='${INSTALL}'
INSTALL_STRIP_PROGRAM='$(install_sh) -c -s'
LIBOBJS=''
LIBS=''
LN_S='ln -s'
LTLIBOBJS=''
LTPRINT='/usr/local/bin/lt-print'
MAKEINFO='${SHELL} /home/aman/osd/apertium/gsoc/apertium-mar/missing makeinfo'
MKDIR_P='/bin/mkdir -p'
PACKAGE='apertium-mar'
PACKAGE_BUGREPORT='francis.tyers@gmail.com'
PACKAGE_NAME='apertium-mar'
PACKAGE_STRING='apertium-mar 0.1.0'
PACKAGE_TARNAME='apertium-mar'
PACKAGE_URL=''
PACKAGE_VERSION='0.1.0'
PATH_SEPARATOR=':'
PKG_CONFIG='/usr/bin/pkg-config'
PKG_CONFIG_LIBDIR=''
PKG_CONFIG_PATH='/usr/local/lib/pkgconfig::/usr/local/share/pkgconfig:/usr/local/lib/pkgconfig'
SET_MAKE=''
SHELL='/bin/bash'
STRIP=''
VERSION='0.1.0'
am__isrc=''
am__leading_dot='.'
am__tar='$${TAR-tar} chof - "$$tardir"'
am__untar='$${TAR-tar} xf -'
bindir='${exec_prefix}/bin'
build_alias=''
datadir='${datarootdir}'
datarootdir='${prefix}/share'
docdir='${datarootdir}/doc/${PACKAGE_TARNAME}'
dvidir='${docdir}'
exec_prefix='${prefix}'
host_alias=''
htmldir='${docdir}'
includedir='${prefix}/include'
infodir='${datarootdir}/info'
install_sh='${SHELL} /home/aman/osd/apertium/gsoc/apertium-mar/install-sh'
libdir='${exec_prefix}/lib'
libexecdir='${exec_prefix}/libexec'
localedir='${datarootdir}/locale'
localstatedir='${prefix}/var'
mandir='${datarootdir}/man'
mkdir_p='$(MKDIR_P)'
oldincludedir='/usr/include'
pdfdir='${docdir}'
prefix='/usr/local'
program_transform_name='s,x,x,'
psdir='${docdir}'
runstatedir='${localstatedir}/run'
sbindir='${exec_prefix}/sbin'
sharedstatedir='${prefix}/com'
sysconfdir='${prefix}/etc'
target_alias=''

## ----------- ##
## confdefs.h. ##
## ----------- ##

/* confdefs.h */
#define PACKAGE_NAME "apertium-mar"
#define PACKAGE_TARNAME "apertium-mar"
#define PACKAGE_VERSION "0.1.0"
#define PACKAGE_STRING "apertium-mar 0.1.0"
#define PACKAGE_BUGREPORT "francis.tyers@gmail.com"
#define PACKAGE_URL ""

configure: exit 0
